============================================
Wresl Checker 3474.17b04879.master.2019-06-04.10:06:40
============================================
Parsing study main file: d:\cm3\cm3_0822\conv\run\mainconvwsi.wresl
Parsing file: d:\cm3\cm3_0822\conv\run\mainconvwsi.wresl
Sequence: 1 : cycle1   Model: sjrbase
Sequence: 2 : cycle2   Model: sjr_wq1
Sequence: 3 : cycle3   Model: sjr_pulse
Sequence: 4 : cycle4   Model: sjr_wq2
Sequence: 5 : cycle5   Model: vamp_and_do
Sequence: 6 : cycle6   Model: presetup
Sequence: 7 : cycle7   Model: setup
Sequence: 8 : cycle8   Model: monthlyweighted
Sequence: 9 : cycle9   Model: wheelcvc
Processing sequence: 1, model: sjrbase
Parsing file: d:\cm3\cm3_0822\common\tucp_est.wresl
Parsing file: d:\cm3\cm3_0822\common\newfacilityswitches.wresl
Parsing file: d:\cm3\cm3_0822\common\northofdelta\sacramento\nodos\nodos_jobcontrol.wresl
Parsing file: d:\cm3\cm3_0822\common\caaframework\lcpsim\lcpsim_defines.wresl
Parsing file: d:\cm3\cm3_0822\common\caaframework\lcpsim\lcpsim_to_calsim_linkage.wresl
Parsing file: d:\cm3\cm3_0822\common\sanjoaquin\various\definitions\sjr_gwpumpingsplits.wresl
Parsing file: d:\cm3\cm3_0822\conv\run\restoration\aprpartinflow.wresl
Parsing file: d:\cm3\cm3_0822\common\system\system_sjr.wresl
Parsing file: d:\cm3\cm3_0822\common\system\systemtables_sjr\inflow-table.wresl
Parsing file: d:\cm3\cm3_0822\common\system\systemtables_sjr\channel-table.wresl
Parsing file: d:\cm3\cm3_0822\common\system\systemtables_sjr\delivery-table.wresl
Parsing file: d:\cm3\cm3_0822\common\system\systemtables_sjr\return-table.wresl
Parsing file: d:\cm3\cm3_0822\common\system\systemtables_sjr\reservoir-table.wresl
Parsing file: d:\cm3\cm3_0822\common\system\systemtables_sjr\connectivity-table.wresl
Parsing file: d:\cm3\cm3_0822\common\sanjoaquin\integratedoperations\integratedoperationscommon1.wresl
Parsing file: d:\cm3\cm3_0822\common\sanjoaquin\integratedoperations\conv_control_0000.wresl
Parsing file: d:\cm3\cm3_0822\common\sanjoaquin\integratedoperations\int_control_00.wresl
Parsing file: d:\cm3\cm3_0822\common\sanjoaquin\integratedoperations\system\usjrs\inflow-table.wresl
Parsing file: d:\cm3\cm3_0822\common\sanjoaquin\integratedoperations\system\system_usjrs_io_base.wresl
Parsing file: d:\cm3\cm3_0822\common\sanjoaquin\integratedoperations\system\usjrs\channel-table.wresl
Parsing file: d:\cm3\cm3_0822\common\sanjoaquin\integratedoperations\system\usjrs\base\reservoir-table.wresl
Parsing file: d:\cm3\cm3_0822\common\sanjoaquin\integratedoperations\system\usjrs\usjr_storage_accounting.wresl
Parsing file: d:\cm3\cm3_0822\common\sanjoaquin\integratedoperations\system\usjrs\connectivity-table.wresl
Parsing file: d:\cm3\cm3_0822\common\wytypes\wytypes.wresl
Parsing file: d:\cm3\cm3_0822\common\cycle1thru5systemdefslocal.wresl
Parsing file: d:\cm3\cm3_0822\common\cycle1thru5systemdefsglobal.wresl
Parsing file: d:\cm3\cm3_0822\common\reoperations\transfers\transferspreops_cyc1thru5.wresl
Parsing file: d:\cm3\cm3_0822\common\hydrology\demands\demands_defs.wresl
Parsing file: d:\cm3\cm3_0822\common\hydrology\demands\demands_58_defs.wresl
Parsing file: d:\cm3\cm3_0822\common\hydrology\demands\demands_cb_defs.wresl
Parsing file: d:\cm3\cm3_0822\common\hydrology\demands\demands_65_defs.wresl
Parsing file: d:\cm3\cm3_0822\common\hydrology\demands\demands_69_defs.wresl
Parsing file: d:\cm3\cm3_0822\conv\run\basestudyresults\basestudyresults.wresl
Parsing file: d:\cm3\cm3_0822\common\b2actions\b2vardefine.wresl
Parsing file: d:\cm3\cm3_0822\common\b2actions\repeat\b2actconditionsfix.wresl
Parsing file: d:\cm3\cm3_0822\common\hydrology\forecast\forecast.wresl
Parsing file: d:\cm3\cm3_0822\common\hydrology\forecast\cvpforecasts.wresl
Parsing file: d:\cm3\cm3_0822\common\cvp_dellogic\cvp_dellogic_sys\cvp_dellogic_sys_cycle1.wresl
Parsing file: d:\cm3\cm3_0822\common\cvp_dellogic\cvp_dellogic_s\demands_s\cvp_demands_s.wresl
Parsing file: d:\cm3\cm3_0822\common\cvp_dellogic\cvp_dellogic_sys\estcvpexpsadj.wresl
Parsing file: d:\cm3\cm3_0822\common\cvp_dellogic\cvp_dellogic_sys\demands_sys\sumcvpdem_sys.wresl
Parsing file: d:\cm3\cm3_0822\common\cvp_dellogic\cvp_dellogic_sys\demands_sys\sumcvpdem_dr_sys.wresl
Parsing file: d:\cm3\cm3_0822\common\cvp_dellogic\cvp_dellogic_sys\wsi_sys\cvp_store_defs_sys.wresl
Parsing file: d:\cm3\cm3_0822\common\cvp_dellogic\cvp_dellogic_sys\wsi_sys\wsi_cvp_sys.wresl
Parsing file: d:\cm3\cm3_0822\common\cvp_dellogic\cvp_dellogic_sys\di_sys\di_cvp_sys.wresl
Parsing file: d:\cm3\cm3_0822\common\cvp_dellogic\cvp_dellogic_sys\delcar_sys\delcar_cvp_sys.wresl
Parsing file: d:\cm3\cm3_0822\common\cvp_dellogic\cvp_dellogic_sys\cvpcut_sys\cvpcut_sys.wresl
Parsing file: d:\cm3\cm3_0822\common\sanjoaquin\various\definitions\sjr_channelsplits.wresl
Parsing file: d:\cm3\cm3_0822\common\cvp_dellogic\cvp_dellogic_s\cvp_dellogic_s_cycle1.wresl
Parsing file: d:\cm3\cm3_0822\common\cvp_dellogic\cvp_dellogic_s\exp_based\export_index_cvp.wresl
Parsing file: d:\cm3\cm3_0822\common\cvp_dellogic\cvp_dellogic_s\exp_based\exp_based_del_cvp_s.wresl
Parsing file: d:\cm3\cm3_0822\common\cvp_dellogic\cvp_dellogic_s\delcar_s\delcar_cvp_s.wresl
Parsing file: d:\cm3\cm3_0822\common\cvp_dellogic\cvp_dellogic_s\cvpcut_s\cvpcut_s.wresl
Parsing file: d:\cm3\cm3_0822\common\cvp_dellogic\cvp_dellogic_s\deliveries_s\cvp_arcsplit_s_cyc1.wresl
Parsing file: d:\cm3\cm3_0822\common\sanjoaquin\friant\sjrr_rest.wresl
Parsing file: d:\cm3\cm3_0822\common\sanjoaquin\sanjoaquincore.wresl
Parsing file: d:\cm3\cm3_0822\common\sanjoaquin\various\definitions\sjr_aggreg.wresl
Parsing file: d:\cm3\cm3_0822\common\sanjoaquin\various\definitions\previous_wyt_sjr.wresl
Parsing file: d:\cm3\cm3_0822\common\sanjoaquin\various\definitions\sjr_deliverysplits.wresl
Parsing file: d:\cm3\cm3_0822\common\sanjoaquin\friant\friant.wresl
Parsing file: d:\cm3\cm3_0822\common\sanjoaquin\friant\restoration_16b.wresl
Parsing file: d:\cm3\cm3_0822\common\sanjoaquin\friant\friant_adj_fld_spc.wresl
Parsing file: d:\cm3\cm3_0822\common\sanjoaquin\friant\friant_wsf.wresl
Parsing file: d:\cm3\cm3_0822\common\sanjoaquin\friant\friant_allocation.wresl
Parsing file: d:\cm3\cm3_0822\common\sanjoaquin\friant\friant_delivery.wresl
Parsing file: d:\cm3\cm3_0822\common\sanjoaquin\friant\friant_rain_fld_est.wresl
Parsing file: d:\cm3\cm3_0822\common\sanjoaquin\friant\friant_delivery_adjustments.wresl
Parsing file: d:\cm3\cm3_0822\common\sanjoaquin\friant\friant_operation.wresl
Parsing file: d:\cm3\cm3_0822\common\sanjoaquin\various\definitions\sjr_restrict.wresl
Parsing file: d:\cm3\cm3_0822\common\sanjoaquin\southernsjr\southernsjr_dems.wresl
Parsing file: d:\cm3\cm3_0822\common\sanjoaquin\merced\merced_dems.wresl
Parsing file: d:\cm3\cm3_0822\common\sanjoaquin\tuolumne\tuolumne_dems.wresl
Parsing file: d:\cm3\cm3_0822\common\sanjoaquin\stanislaus\newmelonesforecast.wresl
Parsing file: d:\cm3\cm3_0822\common\sanjoaquin\stanislaus\stan_defs.wresl
Parsing file: d:\cm3\cm3_0822\common\sanjoaquin\stanislaus\stanislaus_dems.wresl
Parsing file: d:\cm3\cm3_0822\common\sanjoaquin\delta\cosma_dmd.wresl
Parsing file: d:\cm3\cm3_0822\common\sanjoaquin\returnflows\westside_rf_defs.wresl
Parsing file: d:\cm3\cm3_0822\common\sanjoaquin\returnflows\westsidereturns.wresl
Parsing file: d:\cm3\cm3_0822\common\sanjoaquin\waterquality\wq_defs_disag.wresl
Parsing file: d:\cm3\cm3_0822\common\sanjoaquin\waterquality\disaggregation\disag_def.wresl
Parsing file: d:\cm3\cm3_0822\common\sanjoaquin\waterquality\disaggregation\accretion\accretion_def.wresl
Parsing file: d:\cm3\cm3_0822\common\sanjoaquin\waterquality\disaggregation\westsidereturns\ws_returns_def.wresl
Parsing file: d:\cm3\cm3_0822\common\sanjoaquin\waterquality\disaggregation\np_diversion\npd_flow.wresl
Parsing file: d:\cm3\cm3_0822\common\sanjoaquin\waterquality\disaggregation\np_return\npr_flow.wresl
Parsing file: d:\cm3\cm3_0822\common\sanjoaquin\waterquality\disaggregation\np_return\npr_ec.wresl
Parsing file: d:\cm3\cm3_0822\common\sanjoaquin\calaveras\calaveras_dems_stocktondwsp.wresl
Parsing file: d:\cm3\cm3_0822\common\sanjoaquin\delta\dwsp_arc_split.wresl
Parsing file: d:\cm3\cm3_0822\common\sanjoaquin\delta\cosma_restrict.wresl
Parsing file: d:\cm3\cm3_0822\common\sanjoaquin\friant\sjr_rest_req_local.wresl
Parsing file: d:\cm3\cm3_0822\common\sanjoaquin\delta\zeroaowater.wresl
Parsing file: d:\cm3\cm3_0822\common\southofdelta\nodos\nodos_l4refuge_sod.wresl
Parsing file: d:\cm3\cm3_0822\common\sanjoaquin\various\setwsreturns\setwsretcycle1thru5.wresl
Parsing file: d:\cm3\cm3_0822\common\sanjoaquin\purchasedwater\instreamfromoid.wresl
Parsing file: d:\cm3\cm3_0822\common\sanjoaquin\stanislaus\stan_fw_min.wresl
Parsing file: d:\cm3\cm3_0822\common\sanjoaquin\tuolumne\tuol_ferc_min.wresl
Parsing file: d:\cm3\cm3_0822\common\sanjoaquin\various\bounds_cycles\bounds_cycle1.wresl
Parsing file: d:\cm3\cm3_0822\common\system\systemtables_sjr\weight-table.wresl
Parsing file: d:\cm3\cm3_0822\common\sanjoaquin\integratedoperations\integratedoperationscommon2.wresl
Parsing file: d:\cm3\cm3_0822\common\sanjoaquin\integratedoperations\system\usjrs\weight-table.wresl
Parsing file: d:\cm3\cm3_0822\common\sanjoaquin\integratedoperations\tfbypass.wresl
Parsing file: d:\cm3\cm3_0822\common\sanjoaquin\integratedoperations\system\ca\channel-table.wresl
Parsing file: d:\cm3\cm3_0822\common\sanjoaquin\integratedoperations\system\system_fkc_io.wresl
Parsing file: d:\cm3\cm3_0822\common\sanjoaquin\integratedoperations\system\fkc\channel-table.wresl
Parsing file: d:\cm3\cm3_0822\common\sanjoaquin\integratedoperations\system\fkc\delivery-table.wresl
Parsing file: d:\cm3\cm3_0822\common\sanjoaquin\integratedoperations\system\fkc\connectivity-table.wresl
Parsing file: d:\cm3\cm3_0822\common\sanjoaquin\integratedoperations\crossvalleyconveyancearcs2.wresl
Parsing file: d:\cm3\cm3_0822\common\sanjoaquin\integratedoperations\fk_del_dist50.wresl
Parsing file: d:\cm3\cm3_0822\common\sanjoaquin\integratedoperations\system\fkc\weight-table.wresl
Parsing file: d:\cm3\cm3_0822\common\sanjoaquin\integratedoperations\integratedoperationscyc1.wresl
Parsing file: d:\cm3\cm3_0822\common\sanjoaquin\integratedoperations\usjrs_io_off.wresl
Parsing file: d:\cm3\cm3_0822\common\sanjoaquin\integratedoperations\cvc_off.wresl
Processing sequence: 2, model: sjr_wq1
Parsing file: d:\cm3\cm3_0822\common\sanjoaquin\waterquality\disaggregation\westsidereturns\wsreturnc1.wresl
Parsing file: d:\cm3\cm3_0822\common\sanjoaquin\waterquality\vernalis_wqmin_disag.wresl
Parsing file: d:\cm3\cm3_0822\common\sanjoaquin\groundwater\sjrgw_restrict.wresl
Parsing file: d:\cm3\cm3_0822\common\sanjoaquin\various\bounds_cycles\bounds_cycle2.wresl
Processing sequence: 3, model: sjr_pulse
Parsing file: d:\cm3\cm3_0822\common\sanjoaquin\friant\sjr_rest_pulse_local.wresl
Parsing file: d:\cm3\cm3_0822\common\sanjoaquin\stanislaus\stan_fw_pulse.wresl
Parsing file: d:\cm3\cm3_0822\common\sanjoaquin\tuolumne\tuol_ferc_pulse.wresl
Parsing file: d:\cm3\cm3_0822\common\sanjoaquin\various\bounds_cycles\bounds_cycle3.wresl
Processing sequence: 4, model: sjr_wq2
Parsing file: d:\cm3\cm3_0822\common\sanjoaquin\waterquality\disaggregation\westsidereturns\wsreturnc3.wresl
Parsing file: d:\cm3\cm3_0822\common\sanjoaquin\waterquality\vernalis_wqpulse_disag.wresl
Parsing file: d:\cm3\cm3_0822\common\sanjoaquin\various\bounds_cycles\bounds_cycle4.wresl
Processing sequence: 5, model: vamp_and_do
Parsing file: d:\cm3\cm3_0822\common\sanjoaquin\vamp\vamp_req.wresl
Parsing file: d:\cm3\cm3_0822\common\sanjoaquin\vamp\vamp_alloc.wresl
Parsing file: d:\cm3\cm3_0822\common\sanjoaquin\stanislaus\do.wresl
Parsing file: d:\cm3\cm3_0822\common\sanjoaquin\various\bounds_cycles\bounds_cycle5.wresl
Processing sequence: 6, model: presetup
Parsing file: d:\cm3\cm3_0822\common\ccwd\lvm_system.wresl
Parsing file: d:\cm3\cm3_0822\common\ccwd\ccwd_ops\ccwd_lv_wytype.wresl
Parsing file: d:\cm3\cm3_0822\common\ccwd\system\ccwd_system.wresl
Parsing file: d:\cm3\cm3_0822\common\ccwd\system\inflow-table.wresl
Parsing file: d:\cm3\cm3_0822\common\ccwd\system\channel-table.wresl
Parsing file: d:\cm3\cm3_0822\common\ccwd\system\delivery-table.wresl
Parsing file: d:\cm3\cm3_0822\common\ccwd\system\reservoir-table.wresl
Parsing file: d:\cm3\cm3_0822\common\ccwd\userinput.wresl
Parsing file: d:\cm3\cm3_0822\common\sanjoaquin\integratedoperations\sanluistransfers.wresl
Parsing file: d:\cm3\cm3_0822\common\system\system_all.wresl
Parsing file: d:\cm3\cm3_0822\common\system\systemtables_all\inflow-table.wresl
Parsing file: d:\cm3\cm3_0822\common\system\systemtables_all\channel-table.wresl
Parsing file: d:\cm3\cm3_0822\common\system\systemtables_all\delivery-table.wresl
Parsing file: d:\cm3\cm3_0822\common\system\systemtables_all\return-table.wresl
Parsing file: d:\cm3\cm3_0822\common\system\systemtables_all\reservoir-table.wresl
Parsing file: d:\cm3\cm3_0822\common\delta\deltaextfuncs_7inpann.wresl
Parsing file: d:\cm3\cm3_0822\common\swp_dellogic\allocation\co_extfcn.wresl
Parsing file: d:\cm3\cm3_0822\common\reoperations\reopsvardefine.wresl
Parsing file: d:\cm3\cm3_0822\common\export_ops\export_ops1.wresl
Parsing file: d:\cm3\cm3_0822\common\export_ops\bankssplit.wresl
Parsing file: d:\cm3\cm3_0822\common\export_ops\tracysplit.wresl
Parsing file: d:\cm3\cm3_0822\common\delta\isolatedfacility\split_iftd.wresl
Parsing file: d:\cm3\cm3_0822\common\export_ops\banks_limits.wresl
Parsing file: d:\cm3\cm3_0822\common\export_ops\banks_pump_allow.wresl
Parsing file: d:\cm3\cm3_0822\common\export_ops\tracy_limits.wresl
Parsing file: d:\cm3\cm3_0822\common\export_ops\export_ops2.wresl
Parsing file: d:\cm3\cm3_0822\common\export_ops\tracy_pump_allow.wresl
Parsing file: d:\cm3\cm3_0822\common\export_ops\intertie.wresl
Parsing file: d:\cm3\cm3_0822\common\southofdelta\nodos\kern_gwdefine.wresl
Parsing file: d:\cm3\cm3_0822\common\delta\isolatedfacility\isolatedfacility.wresl
Parsing file: d:\cm3\cm3_0822\common\reoperations\transfers\transfers_multiyr.wresl
Parsing file: d:\cm3\cm3_0822\common\reoperations\d204_adjustment_removed.wresl
Parsing file: d:\cm3\cm3_0822\conv\run\reoperations\transfers\lyra_stub.wresl
Parsing file: d:\cm3\cm3_0822\conv\run\reoperations\transfers\transferscore.wresl
Parsing file: d:\cm3\cm3_0822\common\reoperations\transfers\transfersdefines.wresl
Parsing file: d:\cm3\cm3_0822\common\reoperations\transfers\transfersacquisitions_max1.wresl
Parsing file: d:\cm3\cm3_0822\common\reoperations\transfers\transfersacquisitions_stg1.wresl
Parsing file: d:\cm3\cm3_0822\common\freeport\freeport.wresl
Parsing file: d:\cm3\cm3_0822\common\freeport\ebmud\ebmud.wresl
Parsing file: d:\cm3\cm3_0822\common\freeport\ccwd\ccwd.wresl
Parsing file: d:\cm3\cm3_0822\common\freeport\scwa\scwa.wresl
Parsing file: d:\cm3\cm3_0822\common\hydrology\demands\demands.wresl
Parsing file: d:\cm3\cm3_0822\common\hydrology\demands\demands_58.wresl
Parsing file: d:\cm3\cm3_0822\common\hydrology\refuges\demands_cb_refuges.wresl
Parsing file: d:\cm3\cm3_0822\common\hydrology\demands\demands_cb.wresl
Parsing file: d:\cm3\cm3_0822\common\hydrology\demands\check_hodge.wresl
Parsing file: d:\cm3\cm3_0822\common\hydrology\demands\demands_70.wresl
Parsing file: d:\cm3\cm3_0822\common\hydrology\demands\demands_69.wresl
Parsing file: d:\cm3\cm3_0822\common\hydrology\demands\demands_65.wresl
Parsing file: d:\cm3\cm3_0822\common\hydrology\demands\split_stream_div.wresl
Parsing file: d:\cm3\cm3_0822\common\hydrology\hydrology.wresl
Parsing file: d:\cm3\cm3_0822\common\hydrology\groundwater\groundwater.wresl
Parsing file: d:\cm3\cm3_0822\common\hydrology\groundwater\gwdefine.wresl
Parsing file: d:\cm3\cm3_0822\common\hydrology\groundwater\parameters.wresl
Parsing file: d:\cm3\cm3_0822\common\hydrology\groundwater\dsa58.wresl
Parsing file: d:\cm3\cm3_0822\common\hydrology\groundwater\dsa10.wresl
Parsing file: d:\cm3\cm3_0822\common\hydrology\groundwater\dsa12.wresl
Parsing file: d:\cm3\cm3_0822\common\hydrology\groundwater\dsa15.wresl
Parsing file: d:\cm3\cm3_0822\common\hydrology\groundwater\dsa69.wresl
Parsing file: d:\cm3\cm3_0822\common\hydrology\groundwater\dsa70.wresl
Parsing file: d:\cm3\cm3_0822\common\hydrology\groundwater\dsa65.wresl
Parsing file: d:\cm3\cm3_0822\common\hydrology\groundwater\connectivity.wresl
Parsing file: d:\cm3\cm3_0822\common\hydrology\returns\returns_nod.wresl
Parsing file: d:\cm3\cm3_0822\common\hydrology\refuges\refuges.wresl
Parsing file: d:\cm3\cm3_0822\common\hydrology\weirs\weir_steps.wresl
Parsing file: d:\cm3\cm3_0822\common\hydrology\weirs\weir_steps_monthops.wresl
Parsing file: d:\cm3\cm3_0822\common\swp_dellogic\swp_dellogic.wresl
Parsing file: d:\cm3\cm3_0822\common\swp_dellogic\wsi_di\wsi_swp.wresl
Parsing file: d:\cm3\cm3_0822\common\swp_dellogic\wsi_di\di_swp.wresl
Parsing file: d:\cm3\cm3_0822\common\swp_dellogic\wsi_di\export_index_swp.wresl
Parsing file: d:\cm3\cm3_0822\common\swp_dellogic\wsi_di\exp_based_del_swp_s.wresl
Parsing file: d:\cm3\cm3_0822\common\swp_dellogic\wsi_di\delcar_swp.wresl
Parsing file: d:\cm3\cm3_0822\common\swp_dellogic\demands\swp_arcsplit.wresl
Parsing file: d:\cm3\cm3_0822\common\swp_dellogic\demands\swp_demands_s.wresl
Parsing file: d:\cm3\cm3_0822\common\swp_dellogic\deliveries\sumswpdel.wresl
Parsing file: d:\cm3\cm3_0822\common\swp_dellogic\deliveries\swp_delivery_summary.wresl
Parsing file: d:\cm3\cm3_0822\common\swp_dellogic\allocation\swp_contractor_perdel_a.wresl
Parsing file: d:\cm3\cm3_0822\common\swp_dellogic\allocation\carryover_allocation.wresl
Parsing file: d:\cm3\cm3_0822\common\swp_dellogic\allocation\swp_contractor_perdel_b.wresl
Parsing file: d:\cm3\cm3_0822\common\swp_dellogic\allocation\swp_feather_perdel.wresl
Parsing file: d:\cm3\cm3_0822\common\swp_dellogic\deliveries\swp_bound_del.wresl
Parsing file: d:\cm3\cm3_0822\common\swp_dellogic\conveyance_limits.wresl
Parsing file: d:\cm3\cm3_0822\common\reoperations\transfers\transferspreops.wresl
Parsing file: d:\cm3\cm3_0822\common\delta\ann\anncommon1.wresl
Parsing file: d:\cm3\cm3_0822\common\export_ops\dcc_stub.wresl
Parsing file: d:\cm3\cm3_0822\common\delta\xchannel\xc-gates.wresl
Parsing file: d:\cm3\cm3_0822\common\delta\mrdo\x2\x2setup_ann.wresl
Parsing file: d:\cm3\cm3_0822\common\delta\mrdo\x2\lastx2_ann.wresl
Parsing file: d:\cm3\cm3_0822\common\delta\mrdo\x2\x2days_wqcp.wresl
Parsing file: d:\cm3\cm3_0822\common\ccwd\lvm_ops1.wresl
Parsing file: d:\cm3\cm3_0822\common\ccwd\ccwd_ops\ccwd_flow_disaggregation.wresl
Parsing file: d:\cm3\cm3_0822\common\ccwd\lve\io_accounting.wresl
Parsing file: d:\cm3\cm3_0822\common\ccwd\ccwd_ops\ccwd_size_pipes_intakes.wresl
Parsing file: d:\cm3\cm3_0822\common\ccwd\ccwd_ops\ccwd_demands.wresl
Parsing file: d:\cm3\cm3_0822\common\ccwd\ccwd_ops\ccwd_wq_sv_readwq.wresl
Parsing file: d:\cm3\cm3_0822\common\ccwd\ccwd_ops\ccwd_mallardslough.wresl
Parsing file: d:\cm3\cm3_0822\common\ccwd\ccwd_ops\ccwd_losvaqueros.wresl
Parsing file: d:\cm3\cm3_0822\common\ccwd\ccwd_ops\ccwd_delta_diversions.wresl
Parsing file: d:\cm3\cm3_0822\conv\run\coa\sharingratios.wresl
Parsing file: d:\cm3\cm3_0822\common\export_ops\exportratio.wresl
Parsing file: d:\cm3\cm3_0822\common\export_ops\april_may_maxexport.wresl
Parsing file: d:\cm3\cm3_0822\common\northofdelta\sacramento\nodos\erp\nodos_erp_preflowselect.wresl
Parsing file: d:\cm3\cm3_0822\common\northofdelta\sacramento\nodos\erp\nodos_erp1.wresl
Parsing file: d:\cm3\cm3_0822\common\northofdelta\sacramento\nodos\erp\nodos_erp2.wresl
Parsing file: d:\cm3\cm3_0822\common\northofdelta\nod.wresl
Parsing file: d:\cm3\cm3_0822\common\northofdelta\american\nimbushistminq.wresl
Parsing file: d:\cm3\cm3_0822\common\northofdelta\american\hst_base.wresl
Parsing file: d:\cm3\cm3_0822\common\northofdelta\american\folrulecurv.wresl
Parsing file: d:\cm3\cm3_0822\common\northofdelta\american\nimbuspower.wresl
Parsing file: d:\cm3\cm3_0822\common\northofdelta\american\fmpinput.wresl
Parsing file: d:\cm3\cm3_0822\common\northofdelta\clear_creek\clear_ck_min.wresl
Parsing file: d:\cm3\cm3_0822\common\northofdelta\sacramento\keswickmin.wresl
Parsing file: d:\cm3\cm3_0822\common\northofdelta\sacramento\redbluff_bypassflow.wresl
Parsing file: d:\cm3\cm3_0822\common\northofdelta\sacramento\redbluffops.wresl
Parsing file: d:\cm3\cm3_0822\common\northofdelta\sacramento\hamiltoncity_bypassflow.wresl
Parsing file: d:\cm3\cm3_0822\common\northofdelta\sacramento\ncp_relax.wresl
Parsing file: d:\cm3\cm3_0822\common\northofdelta\sacramento\sharulecurv.wresl
Parsing file: d:\cm3\cm3_0822\common\northofdelta\sacramento\keswickpower.wresl
Parsing file: d:\cm3\cm3_0822\common\northofdelta\sacramento\knightslandingops.wresl
Parsing file: d:\cm3\cm3_0822\common\northofdelta\sacramento\setdailyadjmif.wresl
Parsing file: d:\cm3\cm3_0822\common\northofdelta\trinity\trinitymin.wresl
Parsing file: d:\cm3\cm3_0822\common\northofdelta\trinity\trinity_import.wresl
Parsing file: d:\cm3\cm3_0822\common\northofdelta\trinity\trinrulecurv.wresl
Parsing file: d:\cm3\cm3_0822\common\northofdelta\trinity\trinitydampower.wresl
Parsing file: d:\cm3\cm3_0822\common\northofdelta\trinity\lewistonspill.wresl
Parsing file: d:\cm3\cm3_0822\common\northofdelta\sacramento\nodos\nodos_diversion.wresl
Parsing file: d:\cm3\cm3_0822\common\northofdelta\sacramento\nodos\wq\nodos_div_x2limit.wresl
Parsing file: d:\cm3\cm3_0822\common\northofdelta\sacramento\gccanallosses.wresl
Parsing file: d:\cm3\cm3_0822\common\northofdelta\sacramento\stony_creek\stonycr_main.wresl
Parsing file: d:\cm3\cm3_0822\common\northofdelta\sacramento\stony_creek\blbfcs\blb_fc_rule.wresl
Parsing file: d:\cm3\cm3_0822\common\northofdelta\sacramento\stony_creek\demands\creeklosses.wresl
Parsing file: d:\cm3\cm3_0822\common\northofdelta\sacramento\stony_creek\demands\projectdemands.wresl
Parsing file: d:\cm3\cm3_0822\common\northofdelta\sacramento\stony_creek\minflow\minflow.wresl
Parsing file: d:\cm3\cm3_0822\common\northofdelta\sacramento\stony_creek\minflow\east_park_min.wresl
Parsing file: d:\cm3\cm3_0822\common\northofdelta\sacramento\stony_creek\minflow\stony_gorge_min.wresl
Parsing file: d:\cm3\cm3_0822\common\northofdelta\sacramento\stony_creek\minflow\black_butte_min.wresl
Parsing file: d:\cm3\cm3_0822\common\northofdelta\sacramento\stony_creek\minflow\ndd_cho_min.wresl
Parsing file: d:\cm3\cm3_0822\common\northofdelta\sacramento\stony_creek\minflow\cho_gcid_min.wresl
Parsing file: d:\cm3\cm3_0822\common\northofdelta\sacramento\stony_creek\system\res_balance.wresl
Parsing file: d:\cm3\cm3_0822\common\northofdelta\sacramento\tcgcintertie.wresl
Parsing file: d:\cm3\cm3_0822\common\northofdelta\feather\feather_special.wresl
Parsing file: d:\cm3\cm3_0822\common\northofdelta\feather\ororulecurv.wresl
Parsing file: d:\cm3\cm3_0822\common\northofdelta\feather\thermalitopower.wresl
Parsing file: d:\cm3\cm3_0822\common\northofdelta\balance.wresl
Parsing file: d:\cm3\cm3_0822\common\northofdelta\american\fmstandard.wresl
Parsing file: d:\cm3\cm3_0822\common\northofdelta\sacramento\setnodminflows.wresl
Parsing file: d:\cm3\cm3_0822\conv\run\reoperations\integration\nod_storage_transfer.wresl
Parsing file: d:\cm3\cm3_0822\common\reoperations\wheeling\wheelcore.wresl
Parsing file: d:\cm3\cm3_0822\common\reoperations\wheeling\wheelzerocvc.wresl
Parsing file: d:\cm3\cm3_0822\common\reoperations\wheeling\wheelzerojpod.wresl
Parsing file: d:\cm3\cm3_0822\common\northofdelta\sacramento\nodos\nodos_zerocvpexop.wresl
Parsing file: d:\cm3\cm3_0822\conv\run\coa\coa_presetup.wresl
Parsing file: d:\cm3\cm3_0822\common\sanjoaquin\delta\cosma_restrict_c6_c7.wresl
Parsing file: d:\cm3\cm3_0822\common\cvp_dellogic\cvp_dellogic_sys\cvp_dellogic_sys_cycle6.wresl
Parsing file: d:\cm3\cm3_0822\common\cvp_dellogic\cvp_dellogic_sys\deliveries_sys\cvp_bound_del_sys.wresl
Parsing file: d:\cm3\cm3_0822\common\cvp_dellogic\cvp_dellogic_sys\demands_sys\sum_cvp_reduced_dem.wresl
Parsing file: d:\cm3\cm3_0822\common\cvp_dellogic\cvp_dellogic_s\cvp_dellogic_s_cycle6.wresl
Parsing file: d:\cm3\cm3_0822\common\cvp_dellogic\cvp_dellogic_s\deliveries_s\cvp_arcsplit_s.wresl
Parsing file: d:\cm3\cm3_0822\common\cvp_dellogic\cvp_dellogic_s\deliveries_s\cvp_bound_del_s.wresl
Parsing file: d:\cm3\cm3_0822\common\cvp_dellogic\cvp_dellogic_s\deliveries_s\cvpdel_goals_s.wresl
Parsing file: d:\cm3\cm3_0822\common\cvp_dellogic\cvp_dellogic_s\deliveries_s\cvp_to_swp_s.wresl
Parsing file: d:\cm3\cm3_0822\common\caaframework\lcpsim\lcpsim_zeroadjustments.wresl
Parsing file: d:\cm3\cm3_0822\common\wsi_di_gen\wsi_di_gen.wresl
Parsing file: d:\cm3\cm3_0822\common\wsi_di_gen\cvp\tot_del_cvp_n.wresl
Parsing file: d:\cm3\cm3_0822\common\wsi_di_gen\cvp\tot_del_cvp_s.wresl
Parsing file: d:\cm3\cm3_0822\common\wsi_di_gen\cvp\tot_dem_cvp_s.wresl
Parsing file: d:\cm3\cm3_0822\common\wsi_di_gen\cvp\wsi_di_act_cvp.wresl
Parsing file: d:\cm3\cm3_0822\common\wsi_di_gen\swp\calendar_del_swp.wresl
Parsing file: d:\cm3\cm3_0822\common\wsi_di_gen\swp\interruptible_del.wresl
Parsing file: d:\cm3\cm3_0822\common\wsi_di_gen\swp\wsi_di_act_swp.wresl
Parsing file: d:\cm3\cm3_0822\common\sanjoaquin\friant\sjr_rest_full.wresl
Parsing file: d:\cm3\cm3_0822\common\sanjoaquin\sanjoaquinaddcyc6.wresl
Parsing file: d:\cm3\cm3_0822\common\sanjoaquin\vamp\vamp_transfer.wresl
Parsing file: d:\cm3\cm3_0822\common\sanjoaquin\stanislaus\stan_nmfs_rpa.wresl
Parsing file: d:\cm3\cm3_0822\common\sanjoaquin\vernalis\mercedrelease_oct.wresl
Parsing file: d:\cm3\cm3_0822\common\sanjoaquin\vernalis\vernalis_min.wresl
Parsing file: d:\cm3\cm3_0822\common\sanjoaquin\waterquality\disaggregation\westsidereturns\wsreturnc2.wresl
Parsing file: d:\cm3\cm3_0822\common\sanjoaquin\waterquality\disaggregation\westsidereturns\wsreturnc5.wresl
Parsing file: d:\cm3\cm3_0822\common\sanjoaquin\various\bounds_cycles\bounds_cycle6_disag.wresl
Parsing file: d:\cm3\cm3_0822\common\sanjoaquin\various\bounds_cycles\cycle6\vamp_bound.wresl
Parsing file: d:\cm3\cm3_0822\common\sanjoaquin\various\bounds_cycles\cycle6\instream_bound.wresl
Parsing file: d:\cm3\cm3_0822\common\sanjoaquin\various\bounds_cycles\cycle6\vernalis_bound.wresl
Parsing file: d:\cm3\cm3_0822\common\sanjoaquin\various\bounds_cycles\cycle6\wq_bound_disag.wresl
Parsing file: d:\cm3\cm3_0822\common\sanjoaquin\various\bounds_cycles\cycle6\eastside_bound.wresl
Parsing file: d:\cm3\cm3_0822\common\sanjoaquin\various\cycleout\writecycle.wresl
Parsing file: d:\cm3\cm3_0822\common\sanjoaquin\various\cycleout\cycle1out.wresl
Parsing file: d:\cm3\cm3_0822\common\sanjoaquin\various\cycleout\cycle2out.wresl
Parsing file: d:\cm3\cm3_0822\common\sanjoaquin\various\cycleout\cycle3out.wresl
Parsing file: d:\cm3\cm3_0822\common\sanjoaquin\various\cycleout\cycle4out.wresl
Parsing file: d:\cm3\cm3_0822\common\sanjoaquin\various\cycleout\cycle5out.wresl
Parsing file: d:\cm3\cm3_0822\common\delta\mrdo\x2\x2req_ann.wresl
Parsing file: d:\cm3\cm3_0822\common\delta\ann\anncommon3.wresl
Parsing file: d:\cm3\cm3_0822\common\southofdelta\nodos\kern_gwrecharge.wresl
Parsing file: d:\cm3\cm3_0822\common\rulecurve\rulecv.wresl
Parsing file: d:\cm3\cm3_0822\common\rulecurve\swpdeliv_rulecv.wresl
Parsing file: d:\cm3\cm3_0822\common\rulecurve\swprule.wresl
Parsing file: d:\cm3\cm3_0822\common\rulecurve\cvpdeliv_rulecv.wresl
Parsing file: d:\cm3\cm3_0822\common\rulecurve\cvprule.wresl
Parsing file: d:\cm3\cm3_0822\common\rulecurve\sanluis.wresl
Parsing file: d:\cm3\cm3_0822\common\sanjoaquin\integratedoperations\integratedoperationscyc6.wresl
Parsing file: d:\cm3\cm3_0822\common\sanjoaquin\integratedoperations\crossvalleyconveyanceops.wresl
Parsing file: d:\cm3\cm3_0822\common\sanjoaquin\integratedoperations\io_control.wresl
Parsing file: d:\cm3\cm3_0822\common\delta\ann\exportestimate1_presetup.wresl
Parsing file: d:\cm3\cm3_0822\common\delta\delta_ann.wresl
Parsing file: d:\cm3\cm3_0822\common\delta\vallejo\vallejo.wresl
Parsing file: d:\cm3\cm3_0822\common\delta\riovista\riovista.wresl
Parsing file: d:\cm3\cm3_0822\common\delta\ann\gmodel-null.wresl
Parsing file: d:\cm3\cm3_0822\common\delta\ann\ann_wyt_d1641.wresl
Parsing file: d:\cm3\cm3_0822\common\delta\ann\anncommon2.wresl
Parsing file: d:\cm3\cm3_0822\common\delta\ann\jerseypoint_data.wresl
Parsing file: d:\cm3\cm3_0822\common\delta\ann\rockslough_data.wresl
Parsing file: d:\cm3\cm3_0822\common\delta\ann\emmaton_data.wresl
Parsing file: d:\cm3\cm3_0822\common\delta\ann\collins_data.wresl
Parsing file: d:\cm3\cm3_0822\common\delta\ann\losvaqueros_data.wresl
Parsing file: d:\cm3\cm3_0822\common\delta\ann\middleriver_data.wresl
Parsing file: d:\cm3\cm3_0822\common\delta\ann\victoria_intake_data.wresl
Parsing file: d:\cm3\cm3_0822\common\delta\ann\ccfb_intake_data.wresl
Parsing file: d:\cm3\cm3_0822\common\delta\ann\exportestimate2.wresl
Parsing file: d:\cm3\cm3_0822\common\delta\ann\jerseypoint_est.wresl
Parsing file: d:\cm3\cm3_0822\common\delta\ann\rockslough_est.wresl
Parsing file: d:\cm3\cm3_0822\common\delta\ann\emmaton_est.wresl
Parsing file: d:\cm3\cm3_0822\common\delta\ann\collins_est.wresl
Parsing file: d:\cm3\cm3_0822\common\delta\ann\annsacflow.wresl
Parsing file: d:\cm3\cm3_0822\common\delta\ann\jerseypoint_constrain.wresl
Parsing file: d:\cm3\cm3_0822\common\delta\ann\rockslough_constrain.wresl
Parsing file: d:\cm3\cm3_0822\common\delta\ann\emmaton_constrain.wresl
Parsing file: d:\cm3\cm3_0822\common\delta\ann\collins_constrain.wresl
Parsing file: d:\cm3\cm3_0822\common\delta\ann\negcarriageopslimit.wresl
Parsing file: d:\cm3\cm3_0822\common\delta\ann\jerseypoint_output.wresl
Parsing file: d:\cm3\cm3_0822\common\delta\ann\rockslough_output.wresl
Parsing file: d:\cm3\cm3_0822\common\delta\ann\emmaton_output.wresl
Parsing file: d:\cm3\cm3_0822\common\delta\ann\collins_output.wresl
Parsing file: d:\cm3\cm3_0822\common\delta\mrdo\mrdo_ann.wresl
Parsing file: d:\cm3\cm3_0822\common\delta\mrdo\delta-outflow\delta-outflow.wresl
Parsing file: d:\cm3\cm3_0822\common\delta\mrdo\final-mrdo\final-mrdo.wresl
Parsing file: d:\cm3\cm3_0822\common\delta\mrdo\salinity\gmodel\ann-gmodel.wresl
Parsing file: d:\cm3\cm3_0822\common\delta\ann\ann_coa_mrdo.wresl
Parsing file: d:\cm3\cm3_0822\common\delta\specprojects\specprojects.wresl
Parsing file: d:\cm3\cm3_0822\common\delta\sodeltachannels\sodeltachannels.wresl
Parsing file: d:\cm3\cm3_0822\common\b2actions\b2vampcommon.wresl
Parsing file: d:\cm3\cm3_0822\common\export_ops\omr\omr_stub.wresl
Parsing file: d:\cm3\cm3_0822\common\shortage\shortage.wresl
Parsing file: d:\cm3\cm3_0822\common\shortage\shortage_cvp_n.wresl
Parsing file: d:\cm3\cm3_0822\common\shortage\shortage_cvp_s.wresl
Parsing file: d:\cm3\cm3_0822\common\shortage\shortage_swp.wresl
Parsing file: d:\cm3\cm3_0822\common\shortage\shortage_prf_n.wresl
Parsing file: d:\cm3\cm3_0822\common\delta\isolatedfacility\ifdiversioncriteria.wresl
Parsing file: d:\cm3\cm3_0822\common\ccwd\ccwd_ops\ccwd_lvfill_omr_mw.wresl
Parsing file: d:\cm3\cm3_0822\common\ccwd\lvm_ops2.wresl
Parsing file: d:\cm3\cm3_0822\common\ccwd\ccwd_ops\ccwd_wq_ops.wresl
Parsing file: d:\cm3\cm3_0822\common\ccwd\ccwd_ops\ccwd_intake_preference.wresl
Parsing file: d:\cm3\cm3_0822\common\ccwd\system\connectivity-table.wresl
Parsing file: d:\cm3\cm3_0822\common\ccwd\system\weight-table.wresl
Parsing file: d:\cm3\cm3_0822\common\northofdelta\sacramento\nodos\nodos_release.wresl
Parsing file: d:\cm3\cm3_0822\common\northofdelta\sacramento\nodos\wq\nodos_pre_wqrelease.wresl
Parsing file: d:\cm3\cm3_0822\common\northofdelta\sacramento\nodos\wq\nodos_wqobjective.wresl
Parsing file: d:\cm3\cm3_0822\common\northofdelta\sacramento\nodos\wq\nodos_set_pre_wqrelease.wresl
Parsing file: d:\cm3\cm3_0822\common\export_ops\banks_pump_allow2.wresl
Parsing file: d:\cm3\cm3_0822\common\reoperations\reops_limits_wsi.wresl
Parsing file: d:\cm3\cm3_0822\common\reoperations\transfers\transfers_capacity_limits.wresl
Parsing file: d:\cm3\cm3_0822\common\swpcvpdeloutput.wresl
Parsing file: d:\cm3\cm3_0822\common\ccwd\lve\wheeling_off.wresl
Parsing file: d:\cm3\cm3_0822\common\system\systemtables_all\connectivity-table.wresl
Parsing file: d:\cm3\cm3_0822\conv\run\system\systemtables_all\weight-table.wresl
Parsing file: d:\cm3\cm3_0822\common\freeport\scwa\scwa_excess_cycle6.wresl
Parsing file: d:\cm3\cm3_0822\common\ccwd\calsimconnection_presetup.wresl
# Warning: Global variables redefined as local: [no_cvp_dfs, cvpdel_d607b, set_switch_aei, cvpdel_d608b, bypass_off, s32, cvpdel_d_ex_s, nmforecast1dv, set_switch_sw, no_swp_dfs, cvpdel_d707, set_switch_tvc, off_16b, turn_off_gwr, turn_off_gwp, set_switch_cvc]
Processing sequence: 7, model: setup
Parsing file: d:\cm3\cm3_0822\common\delta\ann\exportestimate1.wresl
Parsing file: d:\cm3\cm3_0822\conv\run\coa\coa.wresl
Parsing file: d:\cm3\cm3_0822\common\ccwd\calsimconnection.wresl
# Warning: Global variables redefined as local: [cvpdel_d607b, cvpdel_d608b, nmforecast1dv, set_switch_sw, no_swp_dfs, set_switch_tvc, off_16b, turn_off_gwr, turn_off_gwp, set_switch_cvc, no_cvp_dfs, set_switch_aei, bypass_off, s32, cvpdel_d_ex_s, cvpdel_d707]
Processing sequence: 8, model: monthlyweighted
Parsing file: d:\cm3\cm3_0822\common\hydrology\weirs\weir_steps_dailyops_setup.wresl
Parsing file: d:\cm3\cm3_0822\common\hydrology\weirs\read_dailypattern_sacrfreeport.wresl
Parsing file: d:\cm3\cm3_0822\common\hydrology\weirs\weir_steps_dailyops.wresl
Parsing file: d:\cm3\cm3_0822\common\delta\mrdo\x2\x2setup_ann_fws.wresl
Parsing file: d:\cm3\cm3_0822\common\delta\mrdo\x2\x2days_fws.wresl
Parsing file: d:\cm3\cm3_0822\conv\run\b2actions\b2actionsupstreamrepeat_wsidi.wresl
Parsing file: d:\cm3\cm3_0822\conv\run\b2actions\b2action1repeat.wresl
Parsing file: d:\cm3\cm3_0822\common\delta\isolatedfacility\ifdiversioncriteria_dailyops_setup.wresl
Parsing file: d:\cm3\cm3_0822\common\delta\isolatedfacility\ifdiversioncriteria_dailyops.wresl
Parsing file: d:\cm3\cm3_0822\common\delta\isolatedfacility\bdcp_ndd.wresl
Parsing file: d:\cm3\cm3_0822\common\delta\isolatedfacility\sac20000count.wresl
# Warning: Global variables redefined as local: [cvpdel_d607b, cvpdel_d608b, nmforecast1dv, set_switch_sw, no_swp_dfs, set_switch_tvc, off_16b, turn_off_gwr, turn_off_gwp, set_switch_cvc, no_cvp_dfs, set_switch_aei, bypass_off, s32, cvpdel_d_ex_s, cvpdel_d707]
Processing sequence: 9, model: wheelcvc
Parsing file: d:\cm3\cm3_0822\common\hydrology\weirs\weir_steps_dailyops_monthlyweighted.wresl
Parsing file: d:\cm3\cm3_0822\common\cycleoutput\prev_cycle_monthlyweighted.wresl
Parsing file: d:\cm3\cm3_0822\conv\run\reoperations\wheeling\whlsetbaseline_monthlyweighted.wresl
Parsing file: d:\cm3\cm3_0822\common\reoperations\wheeling\wheelcap.wresl
Parsing file: d:\cm3\cm3_0822\common\reoperations\reopcontinuity.wresl
Parsing file: d:\cm3\cm3_0822\conv\run\reoperations\wheeling\wheelfixes_monthlyweighted.wresl
Parsing file: d:\cm3\cm3_0822\common\sanjoaquin\delta\dwsp_term91.wresl
Parsing file: d:\cm3\cm3_0822\common\delta\delta_ann_reduced_calls.wresl
Parsing file: d:\cm3\cm3_0822\common\delta\ann\jerseypoint_data_reduced_calls.wresl
Parsing file: d:\cm3\cm3_0822\common\delta\ann\rockslough_data_reduced_calls.wresl
Parsing file: d:\cm3\cm3_0822\common\delta\ann\emmaton_data_reduced_calls.wresl
Parsing file: d:\cm3\cm3_0822\common\delta\ann\collins_data_reduced_calls.wresl
Parsing file: d:\cm3\cm3_0822\common\delta\ann\losvaqueros_data_reduced_calls.wresl
Parsing file: d:\cm3\cm3_0822\common\delta\ann\middleriver_data_reduced_calls.wresl
Parsing file: d:\cm3\cm3_0822\common\delta\ann\victoria_intake_data_reduced_calls.wresl
Parsing file: d:\cm3\cm3_0822\common\delta\ann\ccfb_intake_data_reduced_calls.wresl
Parsing file: d:\cm3\cm3_0822\common\delta\isolatedfacility\ifdiversioncriteria_dailyops_monthlyweighted.wresl
Parsing file: d:\cm3\cm3_0822\common\caaframework\lcpsim\calsim_to_lcpsim_linkage.wresl
Parsing file: d:\cm3\cm3_0822\common\caaframework\lcpsim\calsim_to_lcpsim_delivery_linkage1.wresl
Parsing file: d:\cm3\cm3_0822\common\caaframework\lcpsim\calsim_to_lcpsim_linkage2.wresl
Parsing file: d:\cm3\cm3_0822\common\caaframework\cvpm\calsim_to_cvpm_linkage.wresl
Parsing file: d:\cm3\cm3_0822\common\caaframework\cvpm\calsim_to_cvpm_onfarmaw_linkage.wresl
Parsing file: d:\cm3\cm3_0822\common\caaframework\cvpm\calsim_to_cvpm_delivery_linkage.wresl
Parsing file: d:\cm3\cm3_0822\common\caaframework\cvpm\calsim_to_cvpm_linkage_sjr.wresl
Parsing file: d:\cm3\cm3_0822\common\caaframework\cvpm\calsim_to_cvpm_onfarmaw_linkage_sjr.wresl
Parsing file: d:\cm3\cm3_0822\common\caaframework\cvpm\calsim_to_cvpm_delivery_linkage_sjr.wresl
Parsing file: d:\cm3\cm3_0822\common\ccwd\wq_calcs\wq_calcs_monthlyweighted.wresl
# Warning: Global variables redefined as local: [cvpdel_d607b, cvpdel_d608b, nmforecast1dv, set_switch_sw, no_swp_dfs, set_switch_tvc, off_16b, turn_off_gwr, turn_off_gwp, set_switch_cvc, no_cvp_dfs, set_switch_aei, bypass_off, s32, cvpdel_d_ex_s, cvpdel_d707]
Converting some aliases into dvars and constraints....
Finished converting aliases.
============================================
Wresl Parsing complete. 
============================================
==================================================
VariableName[CycleName] checking complete. 
Total errors in the study: 0
==================================================
